<?xml version="1.0" encoding="UTF-8"?>
<testng-results ignored="0" total="1" passed="1" failed="0" skipped="0">
  <reporter-output>
  </reporter-output>
  <suite started-at="2023-09-30T11:19:53 IST" name="Default suite" finished-at="2023-09-30T11:19:57 IST" duration-ms="3770">
    <groups>
    </groups>
    <test started-at="2023-09-30T11:19:53 IST" name="Default test" finished-at="2023-09-30T11:19:57 IST" duration-ms="3770">
      <class name="facebook_POM">
        <test-method signature="test()[pri:0, instance:facebook_POM@1af687fe]" started-at="2023-09-30T11:19:53 IST" name="test" finished-at="2023-09-30T11:19:57 IST" duration-ms="3726" status="PASS">
          <reporter-output>
          </reporter-output>
        </test-method> <!-- test -->
      </class> <!-- facebook_POM -->
    </test> <!-- Default test -->
  </suite> <!-- Default suite -->
</testng-results>
